<?xml version="1.0" encoding="UTF-8"?>
<testsuite xmlns:xsi="http://www.w3.org/2001/XMLSchema-instance" xsi:noNamespaceSchemaLocation="https://maven.apache.org/surefire/maven-surefire-plugin/xsd/surefire-test-report-3.0.xsd" version="3.0" name="com.example.ApplicationTests" time="4.14" tests="1" errors="0" skipped="0" failures="0">
  <properties>
[...]
</properties>
  <testcase name="testTopologyLogic" classname="com.example.ApplicationTests" time="1.411">
    <system-out><![CDATA[17:32:25.732 [main] INFO org.springframework.test.context.support.AnnotationConfigContextLoaderUtils -- Could not detect default configuration classes for test class [com.example.ApplicationTests]: ApplicationTests does not declare any static, non-private, non-final, nested classes annotated with @Configuration.
17:32:25.874 [main] INFO org.springframework.boot.test.context.SpringBootTestContextBootstrapper -- Found @SpringBootConfiguration com.example.Application for test class com.example.ApplicationTests

  .   ____          _            __ _ _
 /\\ / ___'_ __ _ _(_)_ __  __ _ \ \ \ \
( ( )\___ | '_ | '_| | '_ \/ _` | \ \ \ \
 \\/  ___)| |_)| | | | | || (_| |  ) ) ) )
  '  |____| .__|_| |_|_| |_\__, | / / / /
 =========|_|==============|___/=/_/_/_/
 :: Spring Boot ::                (v3.2.5)

2026-03-10T17:32:26.254+01:00  INFO 35972 --- [           main] com.example.ApplicationTests             : Starting ApplicationTests using Java 21 with PID 35972 (started by AMinelli in D:\Temp\CORSI\BEST0042-Kafka\ESERCIZI\DAY-06\ES009-Spring\sample-06)
2026-03-10T17:32:26.255+01:00  INFO 35972 --- [           main] com.example.ApplicationTests             : No active profile set, falling back to 1 default profile: "default"
2026-03-10T17:32:28.237+01:00  INFO 35972 --- [           main] com.example.ApplicationTests             : Started ApplicationTests in 2.213 seconds (process running for 3.082)
2026-03-10T17:32:29.418+01:00  INFO 35972 --- [           main] com.example.ApplicationTests             : Topologies:
   Sub-topology: 0
    Source: KSTREAM-SOURCE-0000000000 (topics: [input])
      --> KSTREAM-AGGREGATE-0000000002
    Processor: KSTREAM-AGGREGATE-0000000002 (stores: [KSTREAM-AGGREGATE-STATE-STORE-0000000001])
      --> KTABLE-SUPPRESS-0000000003
      <-- KSTREAM-SOURCE-0000000000
    Processor: KTABLE-SUPPRESS-0000000003 (stores: [KTABLE-SUPPRESS-STATE-STORE-0000000004])
      --> KTABLE-TOSTREAM-0000000005
      <-- KSTREAM-AGGREGATE-0000000002
    Processor: KTABLE-TOSTREAM-0000000005 (stores: [])
      --> KSTREAM-SINK-0000000006
      <-- KTABLE-SUPPRESS-0000000003
    Sink: KSTREAM-SINK-0000000006 (topic: output)
      <-- KTABLE-TOSTREAM-0000000005


]]></system-out>
    <system-err><![CDATA[WARNING: A Java agent has been loaded dynamically (C:\Users\AMinelli\.m2\repository\net\bytebuddy\byte-buddy-agent\1.14.13\byte-buddy-agent-1.14.13.jar)
WARNING: If a serviceability tool is in use, please run with -XX:+EnableDynamicAgentLoading to hide this warning
WARNING: If a serviceability tool is not in use, please run with -Djdk.instrument.traceUsage for more information
WARNING: Dynamic loading of agents will be disallowed by default in a future release
]]></system-err>
  </testcase>
</testsuite>